2020-08-29 16:22:06,205 - Left side (${logicDeleteFieldName}) of '==' operation has null value. If it is a reference, it may not be in the context or its toString() returned null. /templates/entity.java.vm[line 88, column 30]
2020-08-29 16:22:06,205 - Left side (${versionFieldName}) of '==' operation has null value. If it is a reference, it may not be in the context or its toString() returned null. /templates/entity.java.vm[line 84, column 26]
2020-08-29 16:22:06,205 - Left side (${logicDeleteFieldName}) of '==' operation has null value. If it is a reference, it may not be in the context or its toString() returned null. /templates/entity.java.vm[line 88, column 30]
2020-08-29 16:22:06,205 - Left side (${versionFieldName}) of '==' operation has null value. If it is a reference, it may not be in the context or its toString() returned null. /templates/entity.java.vm[line 84, column 26]
2020-08-29 16:22:06,206 - Left side (${logicDeleteFieldName}) of '==' operation has null value. If it is a reference, it may not be in the context or its toString() returned null. /templates/entity.java.vm[line 88, column 30]
2020-08-29 16:22:06,206 - Left side (${versionFieldName}) of '==' operation has null value. If it is a reference, it may not be in the context or its toString() returned null. /templates/entity.java.vm[line 84, column 26]
2020-08-29 16:22:06,206 - Left side (${logicDeleteFieldName}) of '==' operation has null value. If it is a reference, it may not be in the context or its toString() returned null. /templates/entity.java.vm[line 88, column 30]
2020-08-29 16:22:06,206 - Left side (${versionFieldName}) of '==' operation has null value. If it is a reference, it may not be in the context or its toString() returned null. /templates/entity.java.vm[line 84, column 26]
2020-08-29 16:22:06,206 - Left side (${logicDeleteFieldName}) of '==' operation has null value. If it is a reference, it may not be in the context or its toString() returned null. /templates/entity.java.vm[line 88, column 30]
2020-08-29 16:22:06,208 - Left side (${versionFieldName}) of '==' operation has null value. If it is a reference, it may not be in the context or its toString() returned null. /templates/entity.java.vm[line 84, column 26]
2020-08-29 16:22:06,208 - Left side (${logicDeleteFieldName}) of '==' operation has null value. If it is a reference, it may not be in the context or its toString() returned null. /templates/entity.java.vm[line 88, column 30]
2020-08-29 16:22:06,208 - Left side (${versionFieldName}) of '==' operation has null value. If it is a reference, it may not be in the context or its toString() returned null. /templates/entity.java.vm[line 84, column 26]
2020-08-29 16:22:06,208 - Left side (${logicDeleteFieldName}) of '==' operation has null value. If it is a reference, it may not be in the context or its toString() returned null. /templates/entity.java.vm[line 88, column 30]
2020-08-29 16:22:06,210 - ResourceManager : found /templates/mapper.java.vm with loader org.apache.velocity.runtime.resource.loader.ClasspathResourceLoader
2020-08-29 16:22:06,213 - ResourceManager : found /templates/mapper.xml.vm with loader org.apache.velocity.runtime.resource.loader.ClasspathResourceLoader
2020-08-29 16:22:06,214 - ResourceManager : found /templates/service.java.vm with loader org.apache.velocity.runtime.resource.loader.ClasspathResourceLoader
2020-08-29 16:22:06,216 - ResourceManager : found /templates/serviceImpl.java.vm with loader org.apache.velocity.runtime.resource.loader.ClasspathResourceLoader
2020-08-29 16:22:06,218 - ResourceManager : found /templates/controller.java.vm with loader org.apache.velocity.runtime.resource.loader.ClasspathResourceLoader
2020-08-29 16:22:28,394 - Log4JLogChute initialized using file 'velocity.log'
2020-08-29 16:22:28,395 - Initializing Velocity, Calling init()...
2020-08-29 16:22:28,395 - Starting Apache Velocity v1.7 (compiled: 2010-11-19 12:14:37)
2020-08-29 16:22:28,395 - Default Properties File: org\apache\velocity\runtime\defaults\velocity.properties
2020-08-29 16:22:28,395 - Trying to use logger class org.apache.velocity.runtime.log.AvalonLogChute
2020-08-29 16:22:28,395 - Target log system for org.apache.velocity.runtime.log.AvalonLogChute is not available (java.lang.NoClassDefFoundError: org/apache/log/format/Formatter).  Falling back to next log system...
2020-08-29 16:22:28,395 - Trying to use logger class org.apache.velocity.runtime.log.Log4JLogChute
2020-08-29 16:22:28,395 - Using logger class org.apache.velocity.runtime.log.Log4JLogChute
2020-08-29 16:22:28,397 - ResourceLoader instantiated: org.apache.velocity.runtime.resource.loader.ClasspathResourceLoader
2020-08-29 16:22:28,404 - ResourceCache: initialized (class org.apache.velocity.runtime.resource.ResourceCacheImpl) with class java.util.Collections$SynchronizedMap cache map.
2020-08-29 16:22:28,405 - Loaded System Directive: org.apache.velocity.runtime.directive.Stop
2020-08-29 16:22:28,406 - Loaded System Directive: org.apache.velocity.runtime.directive.Define
2020-08-29 16:22:28,406 - Loaded System Directive: org.apache.velocity.runtime.directive.Break
2020-08-29 16:22:28,407 - Loaded System Directive: org.apache.velocity.runtime.directive.Evaluate
2020-08-29 16:22:28,407 - Loaded System Directive: org.apache.velocity.runtime.directive.Literal
2020-08-29 16:22:28,408 - Loaded System Directive: org.apache.velocity.runtime.directive.Macro
2020-08-29 16:22:28,408 - Loaded System Directive: org.apache.velocity.runtime.directive.Parse
2020-08-29 16:22:28,409 - Loaded System Directive: org.apache.velocity.runtime.directive.Include
2020-08-29 16:22:28,410 - Loaded System Directive: org.apache.velocity.runtime.directive.Foreach
2020-08-29 16:22:28,428 - Created '20' parsers.
2020-08-29 16:22:28,431 - Velocimacro : "velocimacro.library" is not set.  Trying default library: VM_global_library.vm
2020-08-29 16:22:28,432 - Could not load resource 'VM_global_library.vm' from ResourceLoader org.apache.velocity.runtime.resource.loader.ClasspathResourceLoader: ClasspathResourceLoader Error: cannot find resource VM_global_library.vm
2020-08-29 16:22:28,432 - Velocimacro : Default library not found.
2020-08-29 16:22:28,432 - Velocimacro : allowInline = true : VMs can be defined inline in templates
2020-08-29 16:22:28,432 - Velocimacro : allowInlineToOverride = false : VMs defined inline may NOT replace previous VM definitions
2020-08-29 16:22:28,432 - Velocimacro : allowInlineLocal = false : VMs defined inline will be global in scope if allowed.
2020-08-29 16:22:28,432 - Velocimacro : autoload off : VM system will not automatically reload global library macros
2020-08-29 16:22:28,449 - ResourceManager : found /templates/entity.java.vm with loader org.apache.velocity.runtime.resource.loader.ClasspathResourceLoader
2020-08-29 16:22:28,455 - Left side (${versionFieldName}) of '==' operation has null value. If it is a reference, it may not be in the context or its toString() returned null. /templates/entity.java.vm[line 84, column 26]
2020-08-29 16:22:28,455 - Left side (${logicDeleteFieldName}) of '==' operation has null value. If it is a reference, it may not be in the context or its toString() returned null. /templates/entity.java.vm[line 88, column 30]
2020-08-29 16:22:28,455 - Left side (${versionFieldName}) of '==' operation has null value. If it is a reference, it may not be in the context or its toString() returned null. /templates/entity.java.vm[line 84, column 26]
2020-08-29 16:22:28,455 - Left side (${logicDeleteFieldName}) of '==' operation has null value. If it is a reference, it may not be in the context or its toString() returned null. /templates/entity.java.vm[line 88, column 30]
2020-08-29 16:22:28,455 - Left side (${versionFieldName}) of '==' operation has null value. If it is a reference, it may not be in the context or its toString() returned null. /templates/entity.java.vm[line 84, column 26]
2020-08-29 16:22:28,455 - Left side (${logicDeleteFieldName}) of '==' operation has null value. If it is a reference, it may not be in the context or its toString() returned null. /templates/entity.java.vm[line 88, column 30]
2020-08-29 16:22:28,455 - Left side (${versionFieldName}) of '==' operation has null value. If it is a reference, it may not be in the context or its toString() returned null. /templates/entity.java.vm[line 84, column 26]
2020-08-29 16:22:28,455 - Left side (${logicDeleteFieldName}) of '==' operation has null value. If it is a reference, it may not be in the context or its toString() returned null. /templates/entity.java.vm[line 88, column 30]
2020-08-29 16:22:28,455 - Left side (${versionFieldName}) of '==' operation has null value. If it is a reference, it may not be in the context or its toString() returned null. /templates/entity.java.vm[line 84, column 26]
2020-08-29 16:22:28,456 - Left side (${logicDeleteFieldName}) of '==' operation has null value. If it is a reference, it may not be in the context or its toString() returned null. /templates/entity.java.vm[line 88, column 30]
2020-08-29 16:22:28,456 - Left side (${versionFieldName}) of '==' operation has null value. If it is a reference, it may not be in the context or its toString() returned null. /templates/entity.java.vm[line 84, column 26]
2020-08-29 16:22:28,456 - Left side (${logicDeleteFieldName}) of '==' operation has null value. If it is a reference, it may not be in the context or its toString() returned null. /templates/entity.java.vm[line 88, column 30]
2020-08-29 16:22:28,456 - Left side (${versionFieldName}) of '==' operation has null value. If it is a reference, it may not be in the context or its toString() returned null. /templates/entity.java.vm[line 84, column 26]
2020-08-29 16:22:28,456 - Left side (${logicDeleteFieldName}) of '==' operation has null value. If it is a reference, it may not be in the context or its toString() returned null. /templates/entity.java.vm[line 88, column 30]
2020-08-29 16:22:28,457 - Left side (${versionFieldName}) of '==' operation has null value. If it is a reference, it may not be in the context or its toString() returned null. /templates/entity.java.vm[line 84, column 26]
2020-08-29 16:22:28,458 - Left side (${logicDeleteFieldName}) of '==' operation has null value. If it is a reference, it may not be in the context or its toString() returned null. /templates/entity.java.vm[line 88, column 30]
2020-08-29 16:22:28,458 - Left side (${versionFieldName}) of '==' operation has null value. If it is a reference, it may not be in the context or its toString() returned null. /templates/entity.java.vm[line 84, column 26]
2020-08-29 16:22:28,458 - Left side (${logicDeleteFieldName}) of '==' operation has null value. If it is a reference, it may not be in the context or its toString() returned null. /templates/entity.java.vm[line 88, column 30]
2020-08-29 16:22:28,459 - ResourceManager : found /templates/mapper.java.vm with loader org.apache.velocity.runtime.resource.loader.ClasspathResourceLoader
2020-08-29 16:22:28,461 - ResourceManager : found /templates/mapper.xml.vm with loader org.apache.velocity.runtime.resource.loader.ClasspathResourceLoader
2020-08-29 16:22:28,464 - ResourceManager : found /templates/service.java.vm with loader org.apache.velocity.runtime.resource.loader.ClasspathResourceLoader
2020-08-29 16:22:28,465 - ResourceManager : found /templates/serviceImpl.java.vm with loader org.apache.velocity.runtime.resource.loader.ClasspathResourceLoader
2020-08-29 16:22:28,467 - ResourceManager : found /templates/controller.java.vm with loader org.apache.velocity.runtime.resource.loader.ClasspathResourceLoader
2020-08-29 16:22:28,471 - ResourceManager : found /templates/entity.java.vm with loader org.apache.velocity.runtime.resource.loader.ClasspathResourceLoader
2020-08-29 16:22:28,472 - Left side (${versionFieldName}) of '==' operation has null value. If it is a reference, it may not be in the context or its toString() returned null. /templates/entity.java.vm[line 84, column 26]
2020-08-29 16:22:28,472 - Left side (${logicDeleteFieldName}) of '==' operation has null value. If it is a reference, it may not be in the context or its toString() returned null. /templates/entity.java.vm[line 88, column 30]
2020-08-29 16:22:28,472 - Left side (${versionFieldName}) of '==' operation has null value. If it is a reference, it may not be in the context or its toString() returned null. /templates/entity.java.vm[line 84, column 26]
2020-08-29 16:22:28,472 - Left side (${logicDeleteFieldName}) of '==' operation has null value. If it is a reference, it may not be in the context or its toString() returned null. /templates/entity.java.vm[line 88, column 30]
2020-08-29 16:22:28,472 - Left side (${versionFieldName}) of '==' operation has null value. If it is a reference, it may not be in the context or its toString() returned null. /templates/entity.java.vm[line 84, column 26]
2020-08-29 16:22:28,472 - Left side (${logicDeleteFieldName}) of '==' operation has null value. If it is a reference, it may not be in the context or its toString() returned null. /templates/entity.java.vm[line 88, column 30]
2020-08-29 16:22:28,472 - Left side (${versionFieldName}) of '==' operation has null value. If it is a reference, it may not be in the context or its toString() returned null. /templates/entity.java.vm[line 84, column 26]
2020-08-29 16:22:28,472 - Left side (${logicDeleteFieldName}) of '==' operation has null value. If it is a reference, it may not be in the context or its toString() returned null. /templates/entity.java.vm[line 88, column 30]
2020-08-29 16:22:28,472 - Left side (${versionFieldName}) of '==' operation has null value. If it is a reference, it may not be in the context or its toString() returned null. /templates/entity.java.vm[line 84, column 26]
2020-08-29 16:22:28,472 - Left side (${logicDeleteFieldName}) of '==' operation has null value. If it is a reference, it may not be in the context or its toString() returned null. /templates/entity.java.vm[line 88, column 30]
2020-08-29 16:22:28,473 - Left side (${versionFieldName}) of '==' operation has null value. If it is a reference, it may not be in the context or its toString() returned null. /templates/entity.java.vm[line 84, column 26]
2020-08-29 16:22:28,473 - Left side (${logicDeleteFieldName}) of '==' operation has null value. If it is a reference, it may not be in the context or its toString() returned null. /templates/entity.java.vm[line 88, column 30]
2020-08-29 16:22:28,473 - Left side (${versionFieldName}) of '==' operation has null value. If it is a reference, it may not be in the context or its toString() returned null. /templates/entity.java.vm[line 84, column 26]
2020-08-29 16:22:28,473 - Left side (${logicDeleteFieldName}) of '==' operation has null value. If it is a reference, it may not be in the context or its toString() returned null. /templates/entity.java.vm[line 88, column 30]
2020-08-29 16:22:28,473 - Left side (${versionFieldName}) of '==' operation has null value. If it is a reference, it may not be in the context or its toString() returned null. /templates/entity.java.vm[line 84, column 26]
2020-08-29 16:22:28,473 - Left side (${logicDeleteFieldName}) of '==' operation has null value. If it is a reference, it may not be in the context or its toString() returned null. /templates/entity.java.vm[line 88, column 30]
2020-08-29 16:22:28,474 - Left side (${versionFieldName}) of '==' operation has null value. If it is a reference, it may not be in the context or its toString() returned null. /templates/entity.java.vm[line 84, column 26]
2020-08-29 16:22:28,474 - Left side (${logicDeleteFieldName}) of '==' operation has null value. If it is a reference, it may not be in the context or its toString() returned null. /templates/entity.java.vm[line 88, column 30]
2020-08-29 16:22:28,475 - ResourceManager : found /templates/mapper.java.vm with loader org.apache.velocity.runtime.resource.loader.ClasspathResourceLoader
2020-08-29 16:22:28,477 - ResourceManager : found /templates/mapper.xml.vm with loader org.apache.velocity.runtime.resource.loader.ClasspathResourceLoader
2020-08-29 16:22:28,478 - ResourceManager : found /templates/service.java.vm with loader org.apache.velocity.runtime.resource.loader.ClasspathResourceLoader
2020-08-29 16:22:28,480 - ResourceManager : found /templates/serviceImpl.java.vm with loader org.apache.velocity.runtime.resource.loader.ClasspathResourceLoader
2020-08-29 16:22:28,481 - ResourceManager : found /templates/controller.java.vm with loader org.apache.velocity.runtime.resource.loader.ClasspathResourceLoader
2020-08-29 16:22:28,484 - ResourceManager : found /templates/entity.java.vm with loader org.apache.velocity.runtime.resource.loader.ClasspathResourceLoader
2020-08-29 16:22:28,485 - Left side (${versionFieldName}) of '==' operation has null value. If it is a reference, it may not be in the context or its toString() returned null. /templates/entity.java.vm[line 84, column 26]
2020-08-29 16:22:28,485 - Left side (${logicDeleteFieldName}) of '==' operation has null value. If it is a reference, it may not be in the context or its toString() returned null. /templates/entity.java.vm[line 88, column 30]
2020-08-29 16:22:28,485 - Left side (${versionFieldName}) of '==' operation has null value. If it is a reference, it may not be in the context or its toString() returned null. /templates/entity.java.vm[line 84, column 26]
2020-08-29 16:22:28,485 - Left side (${logicDeleteFieldName}) of '==' operation has null value. If it is a reference, it may not be in the context or its toString() returned null. /templates/entity.java.vm[line 88, column 30]
2020-08-29 16:22:28,486 - Left side (${versionFieldName}) of '==' operation has null value. If it is a reference, it may not be in the context or its toString() returned null. /templates/entity.java.vm[line 84, column 26]
2020-08-29 16:22:28,486 - Left side (${logicDeleteFieldName}) of '==' operation has null value. If it is a reference, it may not be in the context or its toString() returned null. /templates/entity.java.vm[line 88, column 30]
2020-08-29 16:22:28,486 - Left side (${versionFieldName}) of '==' operation has null value. If it is a reference, it may not be in the context or its toString() returned null. /templates/entity.java.vm[line 84, column 26]
2020-08-29 16:22:28,486 - Left side (${logicDeleteFieldName}) of '==' operation has null value. If it is a reference, it may not be in the context or its toString() returned null. /templates/entity.java.vm[line 88, column 30]
2020-08-29 16:22:28,486 - Left side (${versionFieldName}) of '==' operation has null value. If it is a reference, it may not be in the context or its toString() returned null. /templates/entity.java.vm[line 84, column 26]
2020-08-29 16:22:28,486 - Left side (${logicDeleteFieldName}) of '==' operation has null value. If it is a reference, it may not be in the context or its toString() returned null. /templates/entity.java.vm[line 88, column 30]
2020-08-29 16:22:28,486 - Left side (${versionFieldName}) of '==' operation has null value. If it is a reference, it may not be in the context or its toString() returned null. /templates/entity.java.vm[line 84, column 26]
2020-08-29 16:22:28,486 - Left side (${logicDeleteFieldName}) of '==' operation has null value. If it is a reference, it may not be in the context or its toString() returned null. /templates/entity.java.vm[line 88, column 30]
2020-08-29 16:22:28,486 - Left side (${versionFieldName}) of '==' operation has null value. If it is a reference, it may not be in the context or its toString() returned null. /templates/entity.java.vm[line 84, column 26]
2020-08-29 16:22:28,486 - Left side (${logicDeleteFieldName}) of '==' operation has null value. If it is a reference, it may not be in the context or its toString() returned null. /templates/entity.java.vm[line 88, column 30]
2020-08-29 16:22:28,486 - Left side (${versionFieldName}) of '==' operation has null value. If it is a reference, it may not be in the context or its toString() returned null. /templates/entity.java.vm[line 84, column 26]
2020-08-29 16:22:28,486 - Left side (${logicDeleteFieldName}) of '==' operation has null value. If it is a reference, it may not be in the context or its toString() returned null. /templates/entity.java.vm[line 88, column 30]
2020-08-29 16:22:28,486 - Left side (${versionFieldName}) of '==' operation has null value. If it is a reference, it may not be in the context or its toString() returned null. /templates/entity.java.vm[line 84, column 26]
2020-08-29 16:22:28,486 - Left side (${logicDeleteFieldName}) of '==' operation has null value. If it is a reference, it may not be in the context or its toString() returned null. /templates/entity.java.vm[line 88, column 30]
2020-08-29 16:22:28,487 - ResourceManager : found /templates/mapper.java.vm with loader org.apache.velocity.runtime.resource.loader.ClasspathResourceLoader
2020-08-29 16:22:28,489 - ResourceManager : found /templates/mapper.xml.vm with loader org.apache.velocity.runtime.resource.loader.ClasspathResourceLoader
2020-08-29 16:22:28,490 - ResourceManager : found /templates/service.java.vm with loader org.apache.velocity.runtime.resource.loader.ClasspathResourceLoader
2020-08-29 16:22:28,491 - ResourceManager : found /templates/serviceImpl.java.vm with loader org.apache.velocity.runtime.resource.loader.ClasspathResourceLoader
2020-08-29 16:22:28,493 - ResourceManager : found /templates/controller.java.vm with loader org.apache.velocity.runtime.resource.loader.ClasspathResourceLoader
